The system is: Darwin - 18.6.0 - x86_64
Compiling the C compiler identification source file "CMakeCCompilerId.c" succeeded.
Compiler: /usr/local/bin/gcc 
Build flags: 
Id flags:  

The output was:
0


Compilation of the C compiler identification source "CMakeCCompilerId.c" produced "a.out"

The C compiler identification is GNU, found in "/Users/mengbo/delta/superTAD/program/cmake-build-debug/CMakeFiles/3.15.2/CompilerIdC/a.out"

Compiling the CXX compiler identification source file "CMakeCXXCompilerId.cpp" succeeded.
Compiler: /usr/local/bin/g++ 
Build flags: 
Id flags:  

The output was:
0


Compilation of the CXX compiler identification source "CMakeCXXCompilerId.cpp" produced "a.out"

The CXX compiler identification is GNU, found in "/Users/mengbo/delta/superTAD/program/cmake-build-debug/CMakeFiles/3.15.2/CompilerIdCXX/a.out"

Determining if the C compiler works passed with the following output:
Change Dir: /Users/mengbo/delta/superTAD/program/cmake-build-debug/CMakeFiles/CMakeTmp

Run Build Command(s):/usr/local/bin/gmake cmTC_6d313/fast && /usr/local/bin/gmake -f CMakeFiles/cmTC_6d313.dir/build.make CMakeFiles/cmTC_6d313.dir/build
gmake[1]: Entering directory '/Users/mengbo/delta/superTAD/program/cmake-build-debug/CMakeFiles/CMakeTmp'
Building C object CMakeFiles/cmTC_6d313.dir/testCCompiler.c.o
/usr/local/bin/gcc   -isysroot /Applications/Xcode.app/Contents/Developer/Platforms/MacOSX.platform/Developer/SDKs/MacOSX10.14.sdk   -o CMakeFiles/cmTC_6d313.dir/testCCompiler.c.o   -c /Users/mengbo/delta/superTAD/program/cmake-build-debug/CMakeFiles/CMakeTmp/testCCompiler.c
Linking C executable cmTC_6d313
/usr/local/Cellar/cmake/3.15.2/bin/cmake -E cmake_link_script CMakeFiles/cmTC_6d313.dir/link.txt --verbose=1
/usr/local/bin/gcc   -isysroot /Applications/Xcode.app/Contents/Developer/Platforms/MacOSX.platform/Developer/SDKs/MacOSX10.14.sdk -Wl,-search_paths_first -Wl,-headerpad_max_install_names   CMakeFiles/cmTC_6d313.dir/testCCompiler.c.o  -o cmTC_6d313 
gmake[1]: Leaving directory '/Users/mengbo/delta/superTAD/program/cmake-build-debug/CMakeFiles/CMakeTmp'



Detecting C compiler ABI info compiled with the following output:
Change Dir: /Users/mengbo/delta/superTAD/program/cmake-build-debug/CMakeFiles/CMakeTmp

Run Build Command(s):/usr/local/bin/gmake cmTC_e4504/fast && /usr/local/bin/gmake -f CMakeFiles/cmTC_e4504.dir/build.make CMakeFiles/cmTC_e4504.dir/build
gmake[1]: Entering directory '/Users/mengbo/delta/superTAD/program/cmake-build-debug/CMakeFiles/CMakeTmp'
Building C object CMakeFiles/cmTC_e4504.dir/CMakeCCompilerABI.c.o
/usr/local/bin/gcc   -isysroot /Applications/Xcode.app/Contents/Developer/Platforms/MacOSX.platform/Developer/SDKs/MacOSX10.14.sdk   -v -Wl,-v -o CMakeFiles/cmTC_e4504.dir/CMakeCCompilerABI.c.o   -c /usr/local/Cellar/cmake/3.15.2/share/cmake/Modules/CMakeCCompilerABI.c
Using built-in specs.
COLLECT_GCC=/usr/local/bin/gcc
Target: x86_64-apple-darwin18.2.0
Configured with: ../configure --build=x86_64-apple-darwin18.2.0 --prefix=/usr/local/Cellar/gcc/8.2.0 --libdir=/usr/local/Cellar/gcc/8.2.0/lib/gcc/8 --disable-nls --enable-checking=release --enable-languages=c,c++,objc,obj-c++,fortran --program-suffix=-8 --with-gmp=/usr/local/opt/gmp --with-mpfr=/usr/local/opt/mpfr --with-mpc=/usr/local/opt/libmpc --with-isl=/usr/local/opt/isl --with-system-zlib --with-pkgversion='Homebrew GCC 8.2.0' --with-bugurl=https://github.com/Homebrew/homebrew-core/issues --disable-multilib --with-native-system-header-dir=/usr/include --with-sysroot=/Applications/Xcode.app/Contents/Developer/Platforms/MacOSX.platform/Developer/SDKs/MacOSX10.14.sdk
Thread model: posix
gcc version 8.2.0 (Homebrew GCC 8.2.0) 
COLLECT_GCC_OPTIONS='-isysroot' '/Applications/Xcode.app/Contents/Developer/Platforms/MacOSX.platform/Developer/SDKs/MacOSX10.14.sdk' '-v' '-o' 'CMakeFiles/cmTC_e4504.dir/CMakeCCompilerABI.c.o' '-c' '-mmacosx-version-min=10.14.0' '-asm_macosx_version_min=10.14' '-mtune=core2'
 /usr/local/Cellar/gcc/8.2.0/libexec/gcc/x86_64-apple-darwin18.2.0/8.2.0/cc1 -quiet -v -D__DYNAMIC__ -isysroot /Applications/Xcode.app/Contents/Developer/Platforms/MacOSX.platform/Developer/SDKs/MacOSX10.14.sdk /usr/local/Cellar/cmake/3.15.2/share/cmake/Modules/CMakeCCompilerABI.c -fPIC -quiet -dumpbase CMakeCCompilerABI.c -mmacosx-version-min=10.14.0 -mtune=core2 -auxbase-strip CMakeFiles/cmTC_e4504.dir/CMakeCCompilerABI.c.o -version -o /var/folders/mt/0ych64mj7913b3_xwbjzjt2m0000gn/T//ccgSuK7C.s
GNU C17 (Homebrew GCC 8.2.0) version 8.2.0 (x86_64-apple-darwin18.2.0)
	compiled by GNU C version 8.2.0, GMP version 6.1.2, MPFR version 4.0.1, MPC version 1.1.0, isl version isl-0.20-GMP

GGC heuristics: --param ggc-min-expand=100 --param ggc-min-heapsize=131072
ignoring nonexistent directory "/Applications/Xcode.app/Contents/Developer/Platforms/MacOSX.platform/Developer/SDKs/MacOSX10.14.sdk/usr/local/include"
ignoring nonexistent directory "/usr/local/Cellar/gcc/8.2.0/lib/gcc/8/gcc/x86_64-apple-darwin18.2.0/8.2.0/../../../../../../x86_64-apple-darwin18.2.0/include"
ignoring duplicate directory "/Applications/Xcode.app/Contents/Developer/Platforms/MacOSX.platform/Developer/SDKs/MacOSX10.14.sdk/usr/include"
ignoring nonexistent directory "/Applications/Xcode.app/Contents/Developer/Platforms/MacOSX.platform/Developer/SDKs/MacOSX10.14.sdk/Library/Frameworks"
#include "..." search starts here:
#include <...> search starts here:
 /Applications/Xcode.app/Contents/Developer/Platforms/MacOSX.platform/Developer/SDKs/MacOSX10.14.sdk/usr/include
 .
 /usr/local/Cellar/gcc/8.2.0/lib/gcc/8/gcc/x86_64-apple-darwin18.2.0/8.2.0/include
 /usr/local/Cellar/gcc/8.2.0/lib/gcc/8/gcc/x86_64-apple-darwin18.2.0/8.2.0/include-fixed
 /Applications/Xcode.app/Contents/Developer/Platforms/MacOSX.platform/Developer/SDKs/MacOSX10.14.sdk/System/Library/Frameworks
End of search list.
GNU C17 (Homebrew GCC 8.2.0) version 8.2.0 (x86_64-apple-darwin18.2.0)
	compiled by GNU C version 8.2.0, GMP version 6.1.2, MPFR version 4.0.1, MPC version 1.1.0, isl version isl-0.20-GMP

GGC heuristics: --param ggc-min-expand=100 --param ggc-min-heapsize=131072
Compiler executable checksum: fb102d8dd41fdd44b850e62dd7d0b549
COLLECT_GCC_OPTIONS='-isysroot' '/Applications/Xcode.app/Contents/Developer/Platforms/MacOSX.platform/Developer/SDKs/MacOSX10.14.sdk' '-v' '-o' 'CMakeFiles/cmTC_e4504.dir/CMakeCCompilerABI.c.o' '-c' '-mmacosx-version-min=10.14.0'  '-mtune=core2'
 as -arch x86_64 -v -force_cpusubtype_ALL -mmacosx-version-min=10.14 -o CMakeFiles/cmTC_e4504.dir/CMakeCCompilerABI.c.o /var/folders/mt/0ych64mj7913b3_xwbjzjt2m0000gn/T//ccgSuK7C.s
Apple LLVM version 10.0.1 (clang-1001.0.46.4)
Target: x86_64-apple-darwin18.6.0
Thread model: posix
InstalledDir: /Applications/Xcode.app/Contents/Developer/Toolchains/XcodeDefault.xctoolchain/usr/bin
 "/Applications/Xcode.app/Contents/Developer/Toolchains/XcodeDefault.xctoolchain/usr/bin/clang" -cc1as -triple x86_64-apple-macosx10.14.0 -filetype obj -main-file-name ccgSuK7C.s -target-cpu penryn -fdebug-compilation-dir /Users/mengbo/delta/superTAD/program/cmake-build-debug/CMakeFiles/CMakeTmp -dwarf-debug-producer Apple LLVM version 10.0.1 (clang-1001.0.46.4) -dwarf-version=4 -mrelocation-model pic -o CMakeFiles/cmTC_e4504.dir/CMakeCCompilerABI.c.o /var/folders/mt/0ych64mj7913b3_xwbjzjt2m0000gn/T//ccgSuK7C.s
COMPILER_PATH=/usr/local/Cellar/gcc/8.2.0/libexec/gcc/x86_64-apple-darwin18.2.0/8.2.0/:/usr/local/Cellar/gcc/8.2.0/libexec/gcc/x86_64-apple-darwin18.2.0/8.2.0/:/usr/local/Cellar/gcc/8.2.0/libexec/gcc/x86_64-apple-darwin18.2.0/:/usr/local/Cellar/gcc/8.2.0/lib/gcc/8/gcc/x86_64-apple-darwin18.2.0/8.2.0/:/usr/local/Cellar/gcc/8.2.0/lib/gcc/8/gcc/x86_64-apple-darwin18.2.0/
LIBRARY_PATH=/Applications/Xcode.app/Contents/Developer/Platforms/MacOSX.platform/Developer/SDKs/MacOSX10.14.sdk/usr/lib/:./:/usr/local/Cellar/gcc/8.2.0/lib/gcc/8/gcc/x86_64-apple-darwin18.2.0/8.2.0/:/usr/local/Cellar/gcc/8.2.0/lib/gcc/8/gcc/x86_64-apple-darwin18.2.0/8.2.0/../../../
COLLECT_GCC_OPTIONS='-isysroot' '/Applications/Xcode.app/Contents/Developer/Platforms/MacOSX.platform/Developer/SDKs/MacOSX10.14.sdk' '-v' '-o' 'CMakeFiles/cmTC_e4504.dir/CMakeCCompilerABI.c.o' '-c' '-mmacosx-version-min=10.14.0'  '-mtune=core2'
Linking C executable cmTC_e4504
/usr/local/Cellar/cmake/3.15.2/bin/cmake -E cmake_link_script CMakeFiles/cmTC_e4504.dir/link.txt --verbose=1
/usr/local/bin/gcc   -isysroot /Applications/Xcode.app/Contents/Developer/Platforms/MacOSX.platform/Developer/SDKs/MacOSX10.14.sdk -Wl,-search_paths_first -Wl,-headerpad_max_install_names  -v -Wl,-v CMakeFiles/cmTC_e4504.dir/CMakeCCompilerABI.c.o  -o cmTC_e4504 
Using built-in specs.
COLLECT_GCC=/usr/local/bin/gcc
COLLECT_LTO_WRAPPER=/usr/local/Cellar/gcc/8.2.0/libexec/gcc/x86_64-apple-darwin18.2.0/8.2.0/lto-wrapper
Target: x86_64-apple-darwin18.2.0
Configured with: ../configure --build=x86_64-apple-darwin18.2.0 --prefix=/usr/local/Cellar/gcc/8.2.0 --libdir=/usr/local/Cellar/gcc/8.2.0/lib/gcc/8 --disable-nls --enable-checking=release --enable-languages=c,c++,objc,obj-c++,fortran --program-suffix=-8 --with-gmp=/usr/local/opt/gmp --with-mpfr=/usr/local/opt/mpfr --with-mpc=/usr/local/opt/libmpc --with-isl=/usr/local/opt/isl --with-system-zlib --with-pkgversion='Homebrew GCC 8.2.0' --with-bugurl=https://github.com/Homebrew/homebrew-core/issues --disable-multilib --with-native-system-header-dir=/usr/include --with-sysroot=/Applications/Xcode.app/Contents/Developer/Platforms/MacOSX.platform/Developer/SDKs/MacOSX10.14.sdk
Thread model: posix
gcc version 8.2.0 (Homebrew GCC 8.2.0) 
COMPILER_PATH=/usr/local/Cellar/gcc/8.2.0/libexec/gcc/x86_64-apple-darwin18.2.0/8.2.0/:/usr/local/Cellar/gcc/8.2.0/libexec/gcc/x86_64-apple-darwin18.2.0/8.2.0/:/usr/local/Cellar/gcc/8.2.0/libexec/gcc/x86_64-apple-darwin18.2.0/:/usr/local/Cellar/gcc/8.2.0/lib/gcc/8/gcc/x86_64-apple-darwin18.2.0/8.2.0/:/usr/local/Cellar/gcc/8.2.0/lib/gcc/8/gcc/x86_64-apple-darwin18.2.0/
LIBRARY_PATH=/Applications/Xcode.app/Contents/Developer/Platforms/MacOSX.platform/Developer/SDKs/MacOSX10.14.sdk/usr/lib/:./:/usr/local/Cellar/gcc/8.2.0/lib/gcc/8/gcc/x86_64-apple-darwin18.2.0/8.2.0/:/usr/local/Cellar/gcc/8.2.0/lib/gcc/8/gcc/x86_64-apple-darwin18.2.0/8.2.0/../../../
COLLECT_GCC_OPTIONS='-isysroot' '/Applications/Xcode.app/Contents/Developer/Platforms/MacOSX.platform/Developer/SDKs/MacOSX10.14.sdk' '-v' '-o' 'cmTC_e4504' '-mmacosx-version-min=10.14.0' '-asm_macosx_version_min=10.14' '-mtune=core2'
 /usr/local/Cellar/gcc/8.2.0/libexec/gcc/x86_64-apple-darwin18.2.0/8.2.0/collect2 -dynamic -arch x86_64 -macosx_version_min 10.14.0 -syslibroot /Applications/Xcode.app/Contents/Developer/Platforms/MacOSX.platform/Developer/SDKs/MacOSX10.14.sdk -weak_reference_mismatches non-weak -o cmTC_e4504 -L/Applications/Xcode.app/Contents/Developer/Platforms/MacOSX.platform/Developer/SDKs/MacOSX10.14.sdk/usr/lib -L. -L/usr/local/Cellar/gcc/8.2.0/lib/gcc/8/gcc/x86_64-apple-darwin18.2.0/8.2.0 -L/usr/local/Cellar/gcc/8.2.0/lib/gcc/8/gcc/x86_64-apple-darwin18.2.0/8.2.0/../../.. -search_paths_first -headerpad_max_install_names -v CMakeFiles/cmTC_e4504.dir/CMakeCCompilerABI.c.o -no_compact_unwind -lSystem -lgcc_ext.10.5 -lgcc -lSystem -v
collect2 version 8.2.0
/usr/bin/ld -dynamic -arch x86_64 -macosx_version_min 10.14.0 -syslibroot /Applications/Xcode.app/Contents/Developer/Platforms/MacOSX.platform/Developer/SDKs/MacOSX10.14.sdk -weak_reference_mismatches non-weak -o cmTC_e4504 -L/Applications/Xcode.app/Contents/Developer/Platforms/MacOSX.platform/Developer/SDKs/MacOSX10.14.sdk/usr/lib -L. -L/usr/local/Cellar/gcc/8.2.0/lib/gcc/8/gcc/x86_64-apple-darwin18.2.0/8.2.0 -L/usr/local/Cellar/gcc/8.2.0/lib/gcc/8/gcc/x86_64-apple-darwin18.2.0/8.2.0/../../.. -search_paths_first -headerpad_max_install_names -v CMakeFiles/cmTC_e4504.dir/CMakeCCompilerABI.c.o -no_compact_unwind -lSystem -lgcc_ext.10.5 -lgcc -lSystem -v
@(#)PROGRAM:ld  PROJECT:ld64-450.3
BUILD 18:16:53 Apr  5 2019
configured to support archs: armv6 armv7 armv7s arm64 arm64e arm64_32 i386 x86_64 x86_64h armv6m armv7k armv7m armv7em
@(#)PROGRAM:ld  PROJECT:ld64-450.3
BUILD 18:16:53 Apr  5 2019
configured to support archs: armv6 armv7 armv7s arm64 arm64e arm64_32 i386 x86_64 x86_64h armv6m armv7k armv7m armv7em
Library search paths:
	/Applications/Xcode.app/Contents/Developer/Platforms/MacOSX.platform/Developer/SDKs/MacOSX10.14.sdk/usr/lib
	.
	/usr/local/Cellar/gcc/8.2.0/lib/gcc/8/gcc/x86_64-apple-darwin18.2.0/8.2.0
	/usr/local/Cellar/gcc/8.2.0/lib/gcc/8
	/Applications/Xcode.app/Contents/Developer/Platforms/MacOSX.platform/Developer/SDKs/MacOSX10.14.sdk/usr/lib
Framework search paths:
	/Applications/Xcode.app/Contents/Developer/Platforms/MacOSX.platform/Developer/SDKs/MacOSX10.14.sdk/System/Library/Frameworks/
 /usr/bin/nm -n CMakeFiles/cmTC_e4504.dir/CMakeCCompilerABI.c.o
gmake[1]: Leaving directory '/Users/mengbo/delta/superTAD/program/cmake-build-debug/CMakeFiles/CMakeTmp'



Parsed C implicit include dir info from above output: rv=done
  found start of include info
  found start of implicit include info
    add: [/Applications/Xcode.app/Contents/Developer/Platforms/MacOSX.platform/Developer/SDKs/MacOSX10.14.sdk/usr/include]
    add: [.]
    add: [/usr/local/Cellar/gcc/8.2.0/lib/gcc/8/gcc/x86_64-apple-darwin18.2.0/8.2.0/include]
    add: [/usr/local/Cellar/gcc/8.2.0/lib/gcc/8/gcc/x86_64-apple-darwin18.2.0/8.2.0/include-fixed]
    add: [/Applications/Xcode.app/Contents/Developer/Platforms/MacOSX.platform/Developer/SDKs/MacOSX10.14.sdk/System/Library/Frameworks]
  end of search list found
  collapse include dir [/Applications/Xcode.app/Contents/Developer/Platforms/MacOSX.platform/Developer/SDKs/MacOSX10.14.sdk/usr/include] ==> [/Applications/Xcode.app/Contents/Developer/Platforms/MacOSX.platform/Developer/SDKs/MacOSX10.14.sdk/usr/include]
  skipping relative include dir [.]
  collapse include dir [/usr/local/Cellar/gcc/8.2.0/lib/gcc/8/gcc/x86_64-apple-darwin18.2.0/8.2.0/include] ==> [/usr/local/Cellar/gcc/8.2.0/lib/gcc/8/gcc/x86_64-apple-darwin18.2.0/8.2.0/include]
  collapse include dir [/usr/local/Cellar/gcc/8.2.0/lib/gcc/8/gcc/x86_64-apple-darwin18.2.0/8.2.0/include-fixed] ==> [/usr/local/Cellar/gcc/8.2.0/lib/gcc/8/gcc/x86_64-apple-darwin18.2.0/8.2.0/include-fixed]
  collapse include dir [/Applications/Xcode.app/Contents/Developer/Platforms/MacOSX.platform/Developer/SDKs/MacOSX10.14.sdk/System/Library/Frameworks] ==> [/Applications/Xcode.app/Contents/Developer/Platforms/MacOSX.platform/Developer/SDKs/MacOSX10.14.sdk/System/Library/Frameworks]
  implicit include dirs: [/Applications/Xcode.app/Contents/Developer/Platforms/MacOSX.platform/Developer/SDKs/MacOSX10.14.sdk/usr/include;/usr/local/Cellar/gcc/8.2.0/lib/gcc/8/gcc/x86_64-apple-darwin18.2.0/8.2.0/include;/usr/local/Cellar/gcc/8.2.0/lib/gcc/8/gcc/x86_64-apple-darwin18.2.0/8.2.0/include-fixed;/Applications/Xcode.app/Contents/Developer/Platforms/MacOSX.platform/Developer/SDKs/MacOSX10.14.sdk/System/Library/Frameworks]


Parsed C implicit link information from above output:
  link line regex: [^( *|.*[/\])(ld|CMAKE_LINK_STARTFILE-NOTFOUND|([^/\]+-)?ld|collect2)[^/\]*( |$)]
  ignore line: [Change Dir: /Users/mengbo/delta/superTAD/program/cmake-build-debug/CMakeFiles/CMakeTmp]
  ignore line: []
  ignore line: [Run Build Command(s):/usr/local/bin/gmake cmTC_e4504/fast && /usr/local/bin/gmake -f CMakeFiles/cmTC_e4504.dir/build.make CMakeFiles/cmTC_e4504.dir/build]
  ignore line: [gmake[1]: Entering directory '/Users/mengbo/delta/superTAD/program/cmake-build-debug/CMakeFiles/CMakeTmp']
  ignore line: [Building C object CMakeFiles/cmTC_e4504.dir/CMakeCCompilerABI.c.o]
  ignore line: [/usr/local/bin/gcc   -isysroot /Applications/Xcode.app/Contents/Developer/Platforms/MacOSX.platform/Developer/SDKs/MacOSX10.14.sdk   -v -Wl,-v -o CMakeFiles/cmTC_e4504.dir/CMakeCCompilerABI.c.o   -c /usr/local/Cellar/cmake/3.15.2/share/cmake/Modules/CMakeCCompilerABI.c]
  ignore line: [Using built-in specs.]
  ignore line: [COLLECT_GCC=/usr/local/bin/gcc]
  ignore line: [Target: x86_64-apple-darwin18.2.0]
  ignore line: [Configured with: ../configure --build=x86_64-apple-darwin18.2.0 --prefix=/usr/local/Cellar/gcc/8.2.0 --libdir=/usr/local/Cellar/gcc/8.2.0/lib/gcc/8 --disable-nls --enable-checking=release --enable-languages=c,c++,objc,obj-c++,fortran --program-suffix=-8 --with-gmp=/usr/local/opt/gmp --with-mpfr=/usr/local/opt/mpfr --with-mpc=/usr/local/opt/libmpc --with-isl=/usr/local/opt/isl --with-system-zlib --with-pkgversion='Homebrew GCC 8.2.0' --with-bugurl=https://github.com/Homebrew/homebrew-core/issues --disable-multilib --with-native-system-header-dir=/usr/include --with-sysroot=/Applications/Xcode.app/Contents/Developer/Platforms/MacOSX.platform/Developer/SDKs/MacOSX10.14.sdk]
  ignore line: [Thread model: posix]
  ignore line: [gcc version 8.2.0 (Homebrew GCC 8.2.0) ]
  ignore line: [COLLECT_GCC_OPTIONS='-isysroot' '/Applications/Xcode.app/Contents/Developer/Platforms/MacOSX.platform/Developer/SDKs/MacOSX10.14.sdk' '-v' '-o' 'CMakeFiles/cmTC_e4504.dir/CMakeCCompilerABI.c.o' '-c' '-mmacosx-version-min=10.14.0' '-asm_macosx_version_min=10.14' '-mtune=core2']
  ignore line: [ /usr/local/Cellar/gcc/8.2.0/libexec/gcc/x86_64-apple-darwin18.2.0/8.2.0/cc1 -quiet -v -D__DYNAMIC__ -isysroot /Applications/Xcode.app/Contents/Developer/Platforms/MacOSX.platform/Developer/SDKs/MacOSX10.14.sdk /usr/local/Cellar/cmake/3.15.2/share/cmake/Modules/CMakeCCompilerABI.c -fPIC -quiet -dumpbase CMakeCCompilerABI.c -mmacosx-version-min=10.14.0 -mtune=core2 -auxbase-strip CMakeFiles/cmTC_e4504.dir/CMakeCCompilerABI.c.o -version -o /var/folders/mt/0ych64mj7913b3_xwbjzjt2m0000gn/T//ccgSuK7C.s]
  ignore line: [GNU C17 (Homebrew GCC 8.2.0) version 8.2.0 (x86_64-apple-darwin18.2.0)]
  ignore line: [	compiled by GNU C version 8.2.0, GMP version 6.1.2, MPFR version 4.0.1, MPC version 1.1.0, isl version isl-0.20-GMP]
  ignore line: []
  ignore line: [GGC heuristics: --param ggc-min-expand=100 --param ggc-min-heapsize=131072]
  ignore line: [ignoring nonexistent directory "/Applications/Xcode.app/Contents/Developer/Platforms/MacOSX.platform/Developer/SDKs/MacOSX10.14.sdk/usr/local/include"]
  ignore line: [ignoring nonexistent directory "/usr/local/Cellar/gcc/8.2.0/lib/gcc/8/gcc/x86_64-apple-darwin18.2.0/8.2.0/../../../../../../x86_64-apple-darwin18.2.0/include"]
  ignore line: [ignoring duplicate directory "/Applications/Xcode.app/Contents/Developer/Platforms/MacOSX.platform/Developer/SDKs/MacOSX10.14.sdk/usr/include"]
  ignore line: [ignoring nonexistent directory "/Applications/Xcode.app/Contents/Developer/Platforms/MacOSX.platform/Developer/SDKs/MacOSX10.14.sdk/Library/Frameworks"]
  ignore line: [#include "..." search starts here:]
  ignore line: [#include <...> search starts here:]
  ignore line: [ /Applications/Xcode.app/Contents/Developer/Platforms/MacOSX.platform/Developer/SDKs/MacOSX10.14.sdk/usr/include]
  ignore line: [ .]
  ignore line: [ /usr/local/Cellar/gcc/8.2.0/lib/gcc/8/gcc/x86_64-apple-darwin18.2.0/8.2.0/include]
  ignore line: [ /usr/local/Cellar/gcc/8.2.0/lib/gcc/8/gcc/x86_64-apple-darwin18.2.0/8.2.0/include-fixed]
  ignore line: [ /Applications/Xcode.app/Contents/Developer/Platforms/MacOSX.platform/Developer/SDKs/MacOSX10.14.sdk/System/Library/Frameworks]
  ignore line: [End of search list.]
  ignore line: [GNU C17 (Homebrew GCC 8.2.0) version 8.2.0 (x86_64-apple-darwin18.2.0)]
  ignore line: [	compiled by GNU C version 8.2.0, GMP version 6.1.2, MPFR version 4.0.1, MPC version 1.1.0, isl version isl-0.20-GMP]
  ignore line: []
  ignore line: [GGC heuristics: --param ggc-min-expand=100 --param ggc-min-heapsize=131072]
  ignore line: [Compiler executable checksum: fb102d8dd41fdd44b850e62dd7d0b549]
  ignore line: [COLLECT_GCC_OPTIONS='-isysroot' '/Applications/Xcode.app/Contents/Developer/Platforms/MacOSX.platform/Developer/SDKs/MacOSX10.14.sdk' '-v' '-o' 'CMakeFiles/cmTC_e4504.dir/CMakeCCompilerABI.c.o' '-c' '-mmacosx-version-min=10.14.0'  '-mtune=core2']
  ignore line: [ as -arch x86_64 -v -force_cpusubtype_ALL -mmacosx-version-min=10.14 -o CMakeFiles/cmTC_e4504.dir/CMakeCCompilerABI.c.o /var/folders/mt/0ych64mj7913b3_xwbjzjt2m0000gn/T//ccgSuK7C.s]
  ignore line: [Apple LLVM version 10.0.1 (clang-1001.0.46.4)]
  ignore line: [Target: x86_64-apple-darwin18.6.0]
  ignore line: [Thread model: posix]
  ignore line: [InstalledDir: /Applications/Xcode.app/Contents/Developer/Toolchains/XcodeDefault.xctoolchain/usr/bin]
  ignore line: [ "/Applications/Xcode.app/Contents/Developer/Toolchains/XcodeDefault.xctoolchain/usr/bin/clang" -cc1as -triple x86_64-apple-macosx10.14.0 -filetype obj -main-file-name ccgSuK7C.s -target-cpu penryn -fdebug-compilation-dir /Users/mengbo/delta/superTAD/program/cmake-build-debug/CMakeFiles/CMakeTmp -dwarf-debug-producer Apple LLVM version 10.0.1 (clang-1001.0.46.4) -dwarf-version=4 -mrelocation-model pic -o CMakeFiles/cmTC_e4504.dir/CMakeCCompilerABI.c.o /var/folders/mt/0ych64mj7913b3_xwbjzjt2m0000gn/T//ccgSuK7C.s]
  ignore line: [COMPILER_PATH=/usr/local/Cellar/gcc/8.2.0/libexec/gcc/x86_64-apple-darwin18.2.0/8.2.0/:/usr/local/Cellar/gcc/8.2.0/libexec/gcc/x86_64-apple-darwin18.2.0/8.2.0/:/usr/local/Cellar/gcc/8.2.0/libexec/gcc/x86_64-apple-darwin18.2.0/:/usr/local/Cellar/gcc/8.2.0/lib/gcc/8/gcc/x86_64-apple-darwin18.2.0/8.2.0/:/usr/local/Cellar/gcc/8.2.0/lib/gcc/8/gcc/x86_64-apple-darwin18.2.0/]
  ignore line: [LIBRARY_PATH=/Applications/Xcode.app/Contents/Developer/Platforms/MacOSX.platform/Developer/SDKs/MacOSX10.14.sdk/usr/lib/:./:/usr/local/Cellar/gcc/8.2.0/lib/gcc/8/gcc/x86_64-apple-darwin18.2.0/8.2.0/:/usr/local/Cellar/gcc/8.2.0/lib/gcc/8/gcc/x86_64-apple-darwin18.2.0/8.2.0/../../../]
  ignore line: [COLLECT_GCC_OPTIONS='-isysroot' '/Applications/Xcode.app/Contents/Developer/Platforms/MacOSX.platform/Developer/SDKs/MacOSX10.14.sdk' '-v' '-o' 'CMakeFiles/cmTC_e4504.dir/CMakeCCompilerABI.c.o' '-c' '-mmacosx-version-min=10.14.0'  '-mtune=core2']
  ignore line: [Linking C executable cmTC_e4504]
  ignore line: [/usr/local/Cellar/cmake/3.15.2/bin/cmake -E cmake_link_script CMakeFiles/cmTC_e4504.dir/link.txt --verbose=1]
  ignore line: [/usr/local/bin/gcc   -isysroot /Applications/Xcode.app/Contents/Developer/Platforms/MacOSX.platform/Developer/SDKs/MacOSX10.14.sdk -Wl,-search_paths_first -Wl,-headerpad_max_install_names  -v -Wl,-v CMakeFiles/cmTC_e4504.dir/CMakeCCompilerABI.c.o  -o cmTC_e4504 ]
  ignore line: [Using built-in specs.]
  ignore line: [COLLECT_GCC=/usr/local/bin/gcc]
  ignore line: [COLLECT_LTO_WRAPPER=/usr/local/Cellar/gcc/8.2.0/libexec/gcc/x86_64-apple-darwin18.2.0/8.2.0/lto-wrapper]
  ignore line: [Target: x86_64-apple-darwin18.2.0]
  ignore line: [Configured with: ../configure --build=x86_64-apple-darwin18.2.0 --prefix=/usr/local/Cellar/gcc/8.2.0 --libdir=/usr/local/Cellar/gcc/8.2.0/lib/gcc/8 --disable-nls --enable-checking=release --enable-languages=c,c++,objc,obj-c++,fortran --program-suffix=-8 --with-gmp=/usr/local/opt/gmp --with-mpfr=/usr/local/opt/mpfr --with-mpc=/usr/local/opt/libmpc --with-isl=/usr/local/opt/isl --with-system-zlib --with-pkgversion='Homebrew GCC 8.2.0' --with-bugurl=https://github.com/Homebrew/homebrew-core/issues --disable-multilib --with-native-system-header-dir=/usr/include --with-sysroot=/Applications/Xcode.app/Contents/Developer/Platforms/MacOSX.platform/Developer/SDKs/MacOSX10.14.sdk]
  ignore line: [Thread model: posix]
  ignore line: [gcc version 8.2.0 (Homebrew GCC 8.2.0) ]
  ignore line: [COMPILER_PATH=/usr/local/Cellar/gcc/8.2.0/libexec/gcc/x86_64-apple-darwin18.2.0/8.2.0/:/usr/local/Cellar/gcc/8.2.0/libexec/gcc/x86_64-apple-darwin18.2.0/8.2.0/:/usr/local/Cellar/gcc/8.2.0/libexec/gcc/x86_64-apple-darwin18.2.0/:/usr/local/Cellar/gcc/8.2.0/lib/gcc/8/gcc/x86_64-apple-darwin18.2.0/8.2.0/:/usr/local/Cellar/gcc/8.2.0/lib/gcc/8/gcc/x86_64-apple-darwin18.2.0/]
  ignore line: [LIBRARY_PATH=/Applications/Xcode.app/Contents/Developer/Platforms/MacOSX.platform/Developer/SDKs/MacOSX10.14.sdk/usr/lib/:./:/usr/local/Cellar/gcc/8.2.0/lib/gcc/8/gcc/x86_64-apple-darwin18.2.0/8.2.0/:/usr/local/Cellar/gcc/8.2.0/lib/gcc/8/gcc/x86_64-apple-darwin18.2.0/8.2.0/../../../]
  ignore line: [COLLECT_GCC_OPTIONS='-isysroot' '/Applications/Xcode.app/Contents/Developer/Platforms/MacOSX.platform/Developer/SDKs/MacOSX10.14.sdk' '-v' '-o' 'cmTC_e4504' '-mmacosx-version-min=10.14.0' '-asm_macosx_version_min=10.14' '-mtune=core2']
  link line: [ /usr/local/Cellar/gcc/8.2.0/libexec/gcc/x86_64-apple-darwin18.2.0/8.2.0/collect2 -dynamic -arch x86_64 -macosx_version_min 10.14.0 -syslibroot /Applications/Xcode.app/Contents/Developer/Platforms/MacOSX.platform/Developer/SDKs/MacOSX10.14.sdk -weak_reference_mismatches non-weak -o cmTC_e4504 -L/Applications/Xcode.app/Contents/Developer/Platforms/MacOSX.platform/Developer/SDKs/MacOSX10.14.sdk/usr/lib -L. -L/usr/local/Cellar/gcc/8.2.0/lib/gcc/8/gcc/x86_64-apple-darwin18.2.0/8.2.0 -L/usr/local/Cellar/gcc/8.2.0/lib/gcc/8/gcc/x86_64-apple-darwin18.2.0/8.2.0/../../.. -search_paths_first -headerpad_max_install_names -v CMakeFiles/cmTC_e4504.dir/CMakeCCompilerABI.c.o -no_compact_unwind -lSystem -lgcc_ext.10.5 -lgcc -lSystem -v]
    arg [/usr/local/Cellar/gcc/8.2.0/libexec/gcc/x86_64-apple-darwin18.2.0/8.2.0/collect2] ==> ignore
    arg [-dynamic] ==> ignore
    arg [-arch] ==> ignore
    arg [x86_64] ==> ignore
    arg [-macosx_version_min] ==> ignore
    arg [10.14.0] ==> ignore
    arg [-syslibroot] ==> ignore
    arg [/Applications/Xcode.app/Contents/Developer/Platforms/MacOSX.platform/Developer/SDKs/MacOSX10.14.sdk] ==> ignore
    arg [-weak_reference_mismatches] ==> ignore
    arg [non-weak] ==> ignore
    arg [-o] ==> ignore
    arg [cmTC_e4504] ==> ignore
    arg [-L/Applications/Xcode.app/Contents/Developer/Platforms/MacOSX.platform/Developer/SDKs/MacOSX10.14.sdk/usr/lib] ==> dir [/Applications/Xcode.app/Contents/Developer/Platforms/MacOSX.platform/Developer/SDKs/MacOSX10.14.sdk/usr/lib]
    arg [-L.] ==> ignore
    arg [-L/usr/local/Cellar/gcc/8.2.0/lib/gcc/8/gcc/x86_64-apple-darwin18.2.0/8.2.0] ==> dir [/usr/local/Cellar/gcc/8.2.0/lib/gcc/8/gcc/x86_64-apple-darwin18.2.0/8.2.0]
    arg [-L/usr/local/Cellar/gcc/8.2.0/lib/gcc/8/gcc/x86_64-apple-darwin18.2.0/8.2.0/../../..] ==> dir [/usr/local/Cellar/gcc/8.2.0/lib/gcc/8/gcc/x86_64-apple-darwin18.2.0/8.2.0/../../..]
    arg [-search_paths_first] ==> ignore
    arg [-headerpad_max_install_names] ==> ignore
    arg [-v] ==> ignore
    arg [CMakeFiles/cmTC_e4504.dir/CMakeCCompilerABI.c.o] ==> ignore
    arg [-no_compact_unwind] ==> ignore
    arg [-lSystem] ==> lib [System]
    arg [-lgcc_ext.10.5] ==> lib [gcc_ext.10.5]
    arg [-lgcc] ==> lib [gcc]
    arg [-lSystem] ==> lib [System]
    arg [-v] ==> ignore
  Library search paths: [;/Applications/Xcode.app/Contents/Developer/Platforms/MacOSX.platform/Developer/SDKs/MacOSX10.14.sdk/usr/lib;.;/usr/local/Cellar/gcc/8.2.0/lib/gcc/8/gcc/x86_64-apple-darwin18.2.0/8.2.0;/usr/local/Cellar/gcc/8.2.0/lib/gcc/8;/Applications/Xcode.app/Contents/Developer/Platforms/MacOSX.platform/Developer/SDKs/MacOSX10.14.sdk/usr/lib]
  Framework search paths: [;/Applications/Xcode.app/Contents/Developer/Platforms/MacOSX.platform/Developer/SDKs/MacOSX10.14.sdk/System/Library/Frameworks/]
  remove lib [System]
  remove lib [System]
  collapse library dir [/Applications/Xcode.app/Contents/Developer/Platforms/MacOSX.platform/Developer/SDKs/MacOSX10.14.sdk/usr/lib] ==> [/Applications/Xcode.app/Contents/Developer/Platforms/MacOSX.platform/Developer/SDKs/MacOSX10.14.sdk/usr/lib]
  collapse library dir [/usr/local/Cellar/gcc/8.2.0/lib/gcc/8/gcc/x86_64-apple-darwin18.2.0/8.2.0] ==> [/usr/local/Cellar/gcc/8.2.0/lib/gcc/8/gcc/x86_64-apple-darwin18.2.0/8.2.0]
  collapse library dir [/usr/local/Cellar/gcc/8.2.0/lib/gcc/8/gcc/x86_64-apple-darwin18.2.0/8.2.0/../../..] ==> [/usr/local/Cellar/gcc/8.2.0/lib/gcc/8]
  collapse library dir [/Applications/Xcode.app/Contents/Developer/Platforms/MacOSX.platform/Developer/SDKs/MacOSX10.14.sdk/usr/lib] ==> [/Applications/Xcode.app/Contents/Developer/Platforms/MacOSX.platform/Developer/SDKs/MacOSX10.14.sdk/usr/lib]
  collapse library dir [.] ==> [/Users/mengbo/delta/superTAD/program]
  collapse library dir [/usr/local/Cellar/gcc/8.2.0/lib/gcc/8/gcc/x86_64-apple-darwin18.2.0/8.2.0] ==> [/usr/local/Cellar/gcc/8.2.0/lib/gcc/8/gcc/x86_64-apple-darwin18.2.0/8.2.0]
  collapse library dir [/usr/local/Cellar/gcc/8.2.0/lib/gcc/8] ==> [/usr/local/Cellar/gcc/8.2.0/lib/gcc/8]
  collapse library dir [/Applications/Xcode.app/Contents/Developer/Platforms/MacOSX.platform/Developer/SDKs/MacOSX10.14.sdk/usr/lib] ==> [/Applications/Xcode.app/Contents/Developer/Platforms/MacOSX.platform/Developer/SDKs/MacOSX10.14.sdk/usr/lib]
  collapse framework dir [/Applications/Xcode.app/Contents/Developer/Platforms/MacOSX.platform/Developer/SDKs/MacOSX10.14.sdk/System/Library/Frameworks/] ==> [/Applications/Xcode.app/Contents/Developer/Platforms/MacOSX.platform/Developer/SDKs/MacOSX10.14.sdk/System/Library/Frameworks]
  implicit libs: [gcc_ext.10.5;gcc]
  implicit dirs: [/Applications/Xcode.app/Contents/Developer/Platforms/MacOSX.platform/Developer/SDKs/MacOSX10.14.sdk/usr/lib;/usr/local/Cellar/gcc/8.2.0/lib/gcc/8/gcc/x86_64-apple-darwin18.2.0/8.2.0;/usr/local/Cellar/gcc/8.2.0/lib/gcc/8;/Users/mengbo/delta/superTAD/program]
  implicit fwks: [/Applications/Xcode.app/Contents/Developer/Platforms/MacOSX.platform/Developer/SDKs/MacOSX10.14.sdk/System/Library/Frameworks]


Determining if the CXX compiler works passed with the following output:
Change Dir: /Users/mengbo/delta/superTAD/program/cmake-build-debug/CMakeFiles/CMakeTmp

Run Build Command(s):/usr/local/bin/gmake cmTC_5f0bd/fast && /usr/local/bin/gmake -f CMakeFiles/cmTC_5f0bd.dir/build.make CMakeFiles/cmTC_5f0bd.dir/build
gmake[1]: Entering directory '/Users/mengbo/delta/superTAD/program/cmake-build-debug/CMakeFiles/CMakeTmp'
Building CXX object CMakeFiles/cmTC_5f0bd.dir/testCXXCompiler.cxx.o
/usr/local/bin/g++    -isysroot /Applications/Xcode.app/Contents/Developer/Platforms/MacOSX.platform/Developer/SDKs/MacOSX10.14.sdk   -o CMakeFiles/cmTC_5f0bd.dir/testCXXCompiler.cxx.o -c /Users/mengbo/delta/superTAD/program/cmake-build-debug/CMakeFiles/CMakeTmp/testCXXCompiler.cxx
Linking CXX executable cmTC_5f0bd
/usr/local/Cellar/cmake/3.15.2/bin/cmake -E cmake_link_script CMakeFiles/cmTC_5f0bd.dir/link.txt --verbose=1
/usr/local/bin/g++    -isysroot /Applications/Xcode.app/Contents/Developer/Platforms/MacOSX.platform/Developer/SDKs/MacOSX10.14.sdk -Wl,-search_paths_first -Wl,-headerpad_max_install_names   CMakeFiles/cmTC_5f0bd.dir/testCXXCompiler.cxx.o  -o cmTC_5f0bd 
gmake[1]: Leaving directory '/Users/mengbo/delta/superTAD/program/cmake-build-debug/CMakeFiles/CMakeTmp'



Detecting CXX compiler ABI info compiled with the following output:
Change Dir: /Users/mengbo/delta/superTAD/program/cmake-build-debug/CMakeFiles/CMakeTmp

Run Build Command(s):/usr/local/bin/gmake cmTC_94ec7/fast && /usr/local/bin/gmake -f CMakeFiles/cmTC_94ec7.dir/build.make CMakeFiles/cmTC_94ec7.dir/build
gmake[1]: Entering directory '/Users/mengbo/delta/superTAD/program/cmake-build-debug/CMakeFiles/CMakeTmp'
Building CXX object CMakeFiles/cmTC_94ec7.dir/CMakeCXXCompilerABI.cpp.o
/usr/local/bin/g++    -isysroot /Applications/Xcode.app/Contents/Developer/Platforms/MacOSX.platform/Developer/SDKs/MacOSX10.14.sdk   -v -Wl,-v -o CMakeFiles/cmTC_94ec7.dir/CMakeCXXCompilerABI.cpp.o -c /usr/local/Cellar/cmake/3.15.2/share/cmake/Modules/CMakeCXXCompilerABI.cpp
Using built-in specs.
COLLECT_GCC=/usr/local/bin/g++
Target: x86_64-apple-darwin18.2.0
Configured with: ../configure --build=x86_64-apple-darwin18.2.0 --prefix=/usr/local/Cellar/gcc/8.2.0 --libdir=/usr/local/Cellar/gcc/8.2.0/lib/gcc/8 --disable-nls --enable-checking=release --enable-languages=c,c++,objc,obj-c++,fortran --program-suffix=-8 --with-gmp=/usr/local/opt/gmp --with-mpfr=/usr/local/opt/mpfr --with-mpc=/usr/local/opt/libmpc --with-isl=/usr/local/opt/isl --with-system-zlib --with-pkgversion='Homebrew GCC 8.2.0' --with-bugurl=https://github.com/Homebrew/homebrew-core/issues --disable-multilib --with-native-system-header-dir=/usr/include --with-sysroot=/Applications/Xcode.app/Contents/Developer/Platforms/MacOSX.platform/Developer/SDKs/MacOSX10.14.sdk
Thread model: posix
gcc version 8.2.0 (Homebrew GCC 8.2.0) 
COLLECT_GCC_OPTIONS='-isysroot' '/Applications/Xcode.app/Contents/Developer/Platforms/MacOSX.platform/Developer/SDKs/MacOSX10.14.sdk' '-v' '-o' 'CMakeFiles/cmTC_94ec7.dir/CMakeCXXCompilerABI.cpp.o' '-c' '-mmacosx-version-min=10.14.0' '-asm_macosx_version_min=10.14' '-shared-libgcc' '-mtune=core2'
 /usr/local/Cellar/gcc/8.2.0/libexec/gcc/x86_64-apple-darwin18.2.0/8.2.0/cc1plus -quiet -v -D__DYNAMIC__ -isysroot /Applications/Xcode.app/Contents/Developer/Platforms/MacOSX.platform/Developer/SDKs/MacOSX10.14.sdk /usr/local/Cellar/cmake/3.15.2/share/cmake/Modules/CMakeCXXCompilerABI.cpp -fPIC -quiet -dumpbase CMakeCXXCompilerABI.cpp -mmacosx-version-min=10.14.0 -mtune=core2 -auxbase-strip CMakeFiles/cmTC_94ec7.dir/CMakeCXXCompilerABI.cpp.o -version -o /var/folders/mt/0ych64mj7913b3_xwbjzjt2m0000gn/T//ccojs5GY.s
GNU C++14 (Homebrew GCC 8.2.0) version 8.2.0 (x86_64-apple-darwin18.2.0)
	compiled by GNU C version 8.2.0, GMP version 6.1.2, MPFR version 4.0.1, MPC version 1.1.0, isl version isl-0.20-GMP

GGC heuristics: --param ggc-min-expand=100 --param ggc-min-heapsize=131072
ignoring nonexistent directory "/Applications/Xcode.app/Contents/Developer/Platforms/MacOSX.platform/Developer/SDKs/MacOSX10.14.sdk/usr/local/include"
ignoring nonexistent directory "/usr/local/Cellar/gcc/8.2.0/lib/gcc/8/gcc/x86_64-apple-darwin18.2.0/8.2.0/../../../../../../x86_64-apple-darwin18.2.0/include"
ignoring nonexistent directory "/Applications/Xcode.app/Contents/Developer/Platforms/MacOSX.platform/Developer/SDKs/MacOSX10.14.sdk/Library/Frameworks"
#include "..." search starts here:
#include <...> search starts here:
 /usr/local/Cellar/gcc/8.2.0/lib/gcc/8/gcc/x86_64-apple-darwin18.2.0/8.2.0/../../../../../../include/c++/8.2.0
 /usr/local/Cellar/gcc/8.2.0/lib/gcc/8/gcc/x86_64-apple-darwin18.2.0/8.2.0/../../../../../../include/c++/8.2.0/x86_64-apple-darwin18.2.0
 /usr/local/Cellar/gcc/8.2.0/lib/gcc/8/gcc/x86_64-apple-darwin18.2.0/8.2.0/../../../../../../include/c++/8.2.0/backward
 /usr/local/Cellar/gcc/8.2.0/lib/gcc/8/gcc/x86_64-apple-darwin18.2.0/8.2.0/include
 /usr/local/Cellar/gcc/8.2.0/lib/gcc/8/gcc/x86_64-apple-darwin18.2.0/8.2.0/include-fixed
 /Applications/Xcode.app/Contents/Developer/Platforms/MacOSX.platform/Developer/SDKs/MacOSX10.14.sdk/usr/include
 /Applications/Xcode.app/Contents/Developer/Platforms/MacOSX.platform/Developer/SDKs/MacOSX10.14.sdk/System/Library/Frameworks
End of search list.
GNU C++14 (Homebrew GCC 8.2.0) version 8.2.0 (x86_64-apple-darwin18.2.0)
	compiled by GNU C version 8.2.0, GMP version 6.1.2, MPFR version 4.0.1, MPC version 1.1.0, isl version isl-0.20-GMP

GGC heuristics: --param ggc-min-expand=100 --param ggc-min-heapsize=131072
Compiler executable checksum: 1ec3672fa40765b4c56e81296e70b1b6
COLLECT_GCC_OPTIONS='-isysroot' '/Applications/Xcode.app/Contents/Developer/Platforms/MacOSX.platform/Developer/SDKs/MacOSX10.14.sdk' '-v' '-o' 'CMakeFiles/cmTC_94ec7.dir/CMakeCXXCompilerABI.cpp.o' '-c' '-mmacosx-version-min=10.14.0'  '-shared-libgcc' '-mtune=core2'
 as -arch x86_64 -v -force_cpusubtype_ALL -mmacosx-version-min=10.14 -o CMakeFiles/cmTC_94ec7.dir/CMakeCXXCompilerABI.cpp.o /var/folders/mt/0ych64mj7913b3_xwbjzjt2m0000gn/T//ccojs5GY.s
Apple LLVM version 10.0.1 (clang-1001.0.46.4)
Target: x86_64-apple-darwin18.6.0
Thread model: posix
InstalledDir: /Applications/Xcode.app/Contents/Developer/Toolchains/XcodeDefault.xctoolchain/usr/bin
 "/Applications/Xcode.app/Contents/Developer/Toolchains/XcodeDefault.xctoolchain/usr/bin/clang" -cc1as -triple x86_64-apple-macosx10.14.0 -filetype obj -main-file-name ccojs5GY.s -target-cpu penryn -fdebug-compilation-dir /Users/mengbo/delta/superTAD/program/cmake-build-debug/CMakeFiles/CMakeTmp -dwarf-debug-producer Apple LLVM version 10.0.1 (clang-1001.0.46.4) -dwarf-version=4 -mrelocation-model pic -o CMakeFiles/cmTC_94ec7.dir/CMakeCXXCompilerABI.cpp.o /var/folders/mt/0ych64mj7913b3_xwbjzjt2m0000gn/T//ccojs5GY.s
COMPILER_PATH=/usr/local/Cellar/gcc/8.2.0/libexec/gcc/x86_64-apple-darwin18.2.0/8.2.0/:/usr/local/Cellar/gcc/8.2.0/libexec/gcc/x86_64-apple-darwin18.2.0/8.2.0/:/usr/local/Cellar/gcc/8.2.0/libexec/gcc/x86_64-apple-darwin18.2.0/:/usr/local/Cellar/gcc/8.2.0/lib/gcc/8/gcc/x86_64-apple-darwin18.2.0/8.2.0/:/usr/local/Cellar/gcc/8.2.0/lib/gcc/8/gcc/x86_64-apple-darwin18.2.0/
LIBRARY_PATH=/Applications/Xcode.app/Contents/Developer/Platforms/MacOSX.platform/Developer/SDKs/MacOSX10.14.sdk/usr/lib/:./:/usr/local/Cellar/gcc/8.2.0/lib/gcc/8/gcc/x86_64-apple-darwin18.2.0/8.2.0/:/usr/local/Cellar/gcc/8.2.0/lib/gcc/8/gcc/x86_64-apple-darwin18.2.0/8.2.0/../../../
COLLECT_GCC_OPTIONS='-isysroot' '/Applications/Xcode.app/Contents/Developer/Platforms/MacOSX.platform/Developer/SDKs/MacOSX10.14.sdk' '-v' '-o' 'CMakeFiles/cmTC_94ec7.dir/CMakeCXXCompilerABI.cpp.o' '-c' '-mmacosx-version-min=10.14.0'  '-shared-libgcc' '-mtune=core2'
Linking CXX executable cmTC_94ec7
/usr/local/Cellar/cmake/3.15.2/bin/cmake -E cmake_link_script CMakeFiles/cmTC_94ec7.dir/link.txt --verbose=1
/usr/local/bin/g++    -isysroot /Applications/Xcode.app/Contents/Developer/Platforms/MacOSX.platform/Developer/SDKs/MacOSX10.14.sdk -Wl,-search_paths_first -Wl,-headerpad_max_install_names  -v -Wl,-v CMakeFiles/cmTC_94ec7.dir/CMakeCXXCompilerABI.cpp.o  -o cmTC_94ec7 
Using built-in specs.
COLLECT_GCC=/usr/local/bin/g++
COLLECT_LTO_WRAPPER=/usr/local/Cellar/gcc/8.2.0/libexec/gcc/x86_64-apple-darwin18.2.0/8.2.0/lto-wrapper
Target: x86_64-apple-darwin18.2.0
Configured with: ../configure --build=x86_64-apple-darwin18.2.0 --prefix=/usr/local/Cellar/gcc/8.2.0 --libdir=/usr/local/Cellar/gcc/8.2.0/lib/gcc/8 --disable-nls --enable-checking=release --enable-languages=c,c++,objc,obj-c++,fortran --program-suffix=-8 --with-gmp=/usr/local/opt/gmp --with-mpfr=/usr/local/opt/mpfr --with-mpc=/usr/local/opt/libmpc --with-isl=/usr/local/opt/isl --with-system-zlib --with-pkgversion='Homebrew GCC 8.2.0' --with-bugurl=https://github.com/Homebrew/homebrew-core/issues --disable-multilib --with-native-system-header-dir=/usr/include --with-sysroot=/Applications/Xcode.app/Contents/Developer/Platforms/MacOSX.platform/Developer/SDKs/MacOSX10.14.sdk
Thread model: posix
gcc version 8.2.0 (Homebrew GCC 8.2.0) 
COMPILER_PATH=/usr/local/Cellar/gcc/8.2.0/libexec/gcc/x86_64-apple-darwin18.2.0/8.2.0/:/usr/local/Cellar/gcc/8.2.0/libexec/gcc/x86_64-apple-darwin18.2.0/8.2.0/:/usr/local/Cellar/gcc/8.2.0/libexec/gcc/x86_64-apple-darwin18.2.0/:/usr/local/Cellar/gcc/8.2.0/lib/gcc/8/gcc/x86_64-apple-darwin18.2.0/8.2.0/:/usr/local/Cellar/gcc/8.2.0/lib/gcc/8/gcc/x86_64-apple-darwin18.2.0/
LIBRARY_PATH=/Applications/Xcode.app/Contents/Developer/Platforms/MacOSX.platform/Developer/SDKs/MacOSX10.14.sdk/usr/lib/:./:/usr/local/Cellar/gcc/8.2.0/lib/gcc/8/gcc/x86_64-apple-darwin18.2.0/8.2.0/:/usr/local/Cellar/gcc/8.2.0/lib/gcc/8/gcc/x86_64-apple-darwin18.2.0/8.2.0/../../../
COLLECT_GCC_OPTIONS='-isysroot' '/Applications/Xcode.app/Contents/Developer/Platforms/MacOSX.platform/Developer/SDKs/MacOSX10.14.sdk' '-v' '-o' 'cmTC_94ec7' '-mmacosx-version-min=10.14.0' '-asm_macosx_version_min=10.14' '-shared-libgcc' '-mtune=core2'
 /usr/local/Cellar/gcc/8.2.0/libexec/gcc/x86_64-apple-darwin18.2.0/8.2.0/collect2 -dynamic -arch x86_64 -macosx_version_min 10.14.0 -syslibroot /Applications/Xcode.app/Contents/Developer/Platforms/MacOSX.platform/Developer/SDKs/MacOSX10.14.sdk -weak_reference_mismatches non-weak -o cmTC_94ec7 -L/Applications/Xcode.app/Contents/Developer/Platforms/MacOSX.platform/Developer/SDKs/MacOSX10.14.sdk/usr/lib -L. -L/usr/local/Cellar/gcc/8.2.0/lib/gcc/8/gcc/x86_64-apple-darwin18.2.0/8.2.0 -L/usr/local/Cellar/gcc/8.2.0/lib/gcc/8/gcc/x86_64-apple-darwin18.2.0/8.2.0/../../.. -search_paths_first -headerpad_max_install_names -v CMakeFiles/cmTC_94ec7.dir/CMakeCXXCompilerABI.cpp.o -lstdc++ -no_compact_unwind -lSystem -lgcc_ext.10.5 -lgcc -lSystem -v
collect2 version 8.2.0
/usr/bin/ld -dynamic -arch x86_64 -macosx_version_min 10.14.0 -syslibroot /Applications/Xcode.app/Contents/Developer/Platforms/MacOSX.platform/Developer/SDKs/MacOSX10.14.sdk -weak_reference_mismatches non-weak -o cmTC_94ec7 -L/Applications/Xcode.app/Contents/Developer/Platforms/MacOSX.platform/Developer/SDKs/MacOSX10.14.sdk/usr/lib -L. -L/usr/local/Cellar/gcc/8.2.0/lib/gcc/8/gcc/x86_64-apple-darwin18.2.0/8.2.0 -L/usr/local/Cellar/gcc/8.2.0/lib/gcc/8/gcc/x86_64-apple-darwin18.2.0/8.2.0/../../.. -search_paths_first -headerpad_max_install_names -v CMakeFiles/cmTC_94ec7.dir/CMakeCXXCompilerABI.cpp.o -lstdc++ -no_compact_unwind -lSystem -lgcc_ext.10.5 -lgcc -lSystem -v
@(#)PROGRAM:ld  PROJECT:ld64-450.3
BUILD 18:16:53 Apr  5 2019
configured to support archs: armv6 armv7 armv7s arm64 arm64e arm64_32 i386 x86_64 x86_64h armv6m armv7k armv7m armv7em
@(#)PROGRAM:ld  PROJECT:ld64-450.3
BUILD 18:16:53 Apr  5 2019
configured to support archs: armv6 armv7 armv7s arm64 arm64e arm64_32 i386 x86_64 x86_64h armv6m armv7k armv7m armv7em
Library search paths:
	/Applications/Xcode.app/Contents/Developer/Platforms/MacOSX.platform/Developer/SDKs/MacOSX10.14.sdk/usr/lib
	.
	/usr/local/Cellar/gcc/8.2.0/lib/gcc/8/gcc/x86_64-apple-darwin18.2.0/8.2.0
	/usr/local/Cellar/gcc/8.2.0/lib/gcc/8
	/Applications/Xcode.app/Contents/Developer/Platforms/MacOSX.platform/Developer/SDKs/MacOSX10.14.sdk/usr/lib
Framework search paths:
	/Applications/Xcode.app/Contents/Developer/Platforms/MacOSX.platform/Developer/SDKs/MacOSX10.14.sdk/System/Library/Frameworks/
 /usr/bin/nm -n CMakeFiles/cmTC_94ec7.dir/CMakeCXXCompilerABI.cpp.o
gmake[1]: Leaving directory '/Users/mengbo/delta/superTAD/program/cmake-build-debug/CMakeFiles/CMakeTmp'



Parsed CXX implicit include dir info from above output: rv=done
  found start of include info
  found start of implicit include info
    add: [/usr/local/Cellar/gcc/8.2.0/lib/gcc/8/gcc/x86_64-apple-darwin18.2.0/8.2.0/../../../../../../include/c++/8.2.0]
    add: [/usr/local/Cellar/gcc/8.2.0/lib/gcc/8/gcc/x86_64-apple-darwin18.2.0/8.2.0/../../../../../../include/c++/8.2.0/x86_64-apple-darwin18.2.0]
    add: [/usr/local/Cellar/gcc/8.2.0/lib/gcc/8/gcc/x86_64-apple-darwin18.2.0/8.2.0/../../../../../../include/c++/8.2.0/backward]
    add: [/usr/local/Cellar/gcc/8.2.0/lib/gcc/8/gcc/x86_64-apple-darwin18.2.0/8.2.0/include]
    add: [/usr/local/Cellar/gcc/8.2.0/lib/gcc/8/gcc/x86_64-apple-darwin18.2.0/8.2.0/include-fixed]
    add: [/Applications/Xcode.app/Contents/Developer/Platforms/MacOSX.platform/Developer/SDKs/MacOSX10.14.sdk/usr/include]
    add: [/Applications/Xcode.app/Contents/Developer/Platforms/MacOSX.platform/Developer/SDKs/MacOSX10.14.sdk/System/Library/Frameworks]
  end of search list found
  collapse include dir [/usr/local/Cellar/gcc/8.2.0/lib/gcc/8/gcc/x86_64-apple-darwin18.2.0/8.2.0/../../../../../../include/c++/8.2.0] ==> [/usr/local/Cellar/gcc/8.2.0/include/c++/8.2.0]
  collapse include dir [/usr/local/Cellar/gcc/8.2.0/lib/gcc/8/gcc/x86_64-apple-darwin18.2.0/8.2.0/../../../../../../include/c++/8.2.0/x86_64-apple-darwin18.2.0] ==> [/usr/local/Cellar/gcc/8.2.0/include/c++/8.2.0/x86_64-apple-darwin18.2.0]
  collapse include dir [/usr/local/Cellar/gcc/8.2.0/lib/gcc/8/gcc/x86_64-apple-darwin18.2.0/8.2.0/../../../../../../include/c++/8.2.0/backward] ==> [/usr/local/Cellar/gcc/8.2.0/include/c++/8.2.0/backward]
  collapse include dir [/usr/local/Cellar/gcc/8.2.0/lib/gcc/8/gcc/x86_64-apple-darwin18.2.0/8.2.0/include] ==> [/usr/local/Cellar/gcc/8.2.0/lib/gcc/8/gcc/x86_64-apple-darwin18.2.0/8.2.0/include]
  collapse include dir [/usr/local/Cellar/gcc/8.2.0/lib/gcc/8/gcc/x86_64-apple-darwin18.2.0/8.2.0/include-fixed] ==> [/usr/local/Cellar/gcc/8.2.0/lib/gcc/8/gcc/x86_64-apple-darwin18.2.0/8.2.0/include-fixed]
  collapse include dir [/Applications/Xcode.app/Contents/Developer/Platforms/MacOSX.platform/Developer/SDKs/MacOSX10.14.sdk/usr/include] ==> [/Applications/Xcode.app/Contents/Developer/Platforms/MacOSX.platform/Developer/SDKs/MacOSX10.14.sdk/usr/include]
  collapse include dir [/Applications/Xcode.app/Contents/Developer/Platforms/MacOSX.platform/Developer/SDKs/MacOSX10.14.sdk/System/Library/Frameworks] ==> [/Applications/Xcode.app/Contents/Developer/Platforms/MacOSX.platform/Developer/SDKs/MacOSX10.14.sdk/System/Library/Frameworks]
  implicit include dirs: [/usr/local/Cellar/gcc/8.2.0/include/c++/8.2.0;/usr/local/Cellar/gcc/8.2.0/include/c++/8.2.0/x86_64-apple-darwin18.2.0;/usr/local/Cellar/gcc/8.2.0/include/c++/8.2.0/backward;/usr/local/Cellar/gcc/8.2.0/lib/gcc/8/gcc/x86_64-apple-darwin18.2.0/8.2.0/include;/usr/local/Cellar/gcc/8.2.0/lib/gcc/8/gcc/x86_64-apple-darwin18.2.0/8.2.0/include-fixed;/Applications/Xcode.app/Contents/Developer/Platforms/MacOSX.platform/Developer/SDKs/MacOSX10.14.sdk/usr/include;/Applications/Xcode.app/Contents/Developer/Platforms/MacOSX.platform/Developer/SDKs/MacOSX10.14.sdk/System/Library/Frameworks]


Parsed CXX implicit link information from above output:
  link line regex: [^( *|.*[/\])(ld|CMAKE_LINK_STARTFILE-NOTFOUND|([^/\]+-)?ld|collect2)[^/\]*( |$)]
  ignore line: [Change Dir: /Users/mengbo/delta/superTAD/program/cmake-build-debug/CMakeFiles/CMakeTmp]
  ignore line: []
  ignore line: [Run Build Command(s):/usr/local/bin/gmake cmTC_94ec7/fast && /usr/local/bin/gmake -f CMakeFiles/cmTC_94ec7.dir/build.make CMakeFiles/cmTC_94ec7.dir/build]
  ignore line: [gmake[1]: Entering directory '/Users/mengbo/delta/superTAD/program/cmake-build-debug/CMakeFiles/CMakeTmp']
  ignore line: [Building CXX object CMakeFiles/cmTC_94ec7.dir/CMakeCXXCompilerABI.cpp.o]
  ignore line: [/usr/local/bin/g++    -isysroot /Applications/Xcode.app/Contents/Developer/Platforms/MacOSX.platform/Developer/SDKs/MacOSX10.14.sdk   -v -Wl,-v -o CMakeFiles/cmTC_94ec7.dir/CMakeCXXCompilerABI.cpp.o -c /usr/local/Cellar/cmake/3.15.2/share/cmake/Modules/CMakeCXXCompilerABI.cpp]
  ignore line: [Using built-in specs.]
  ignore line: [COLLECT_GCC=/usr/local/bin/g++]
  ignore line: [Target: x86_64-apple-darwin18.2.0]
  ignore line: [Configured with: ../configure --build=x86_64-apple-darwin18.2.0 --prefix=/usr/local/Cellar/gcc/8.2.0 --libdir=/usr/local/Cellar/gcc/8.2.0/lib/gcc/8 --disable-nls --enable-checking=release --enable-languages=c,c++,objc,obj-c++,fortran --program-suffix=-8 --with-gmp=/usr/local/opt/gmp --with-mpfr=/usr/local/opt/mpfr --with-mpc=/usr/local/opt/libmpc --with-isl=/usr/local/opt/isl --with-system-zlib --with-pkgversion='Homebrew GCC 8.2.0' --with-bugurl=https://github.com/Homebrew/homebrew-core/issues --disable-multilib --with-native-system-header-dir=/usr/include --with-sysroot=/Applications/Xcode.app/Contents/Developer/Platforms/MacOSX.platform/Developer/SDKs/MacOSX10.14.sdk]
  ignore line: [Thread model: posix]
  ignore line: [gcc version 8.2.0 (Homebrew GCC 8.2.0) ]
  ignore line: [COLLECT_GCC_OPTIONS='-isysroot' '/Applications/Xcode.app/Contents/Developer/Platforms/MacOSX.platform/Developer/SDKs/MacOSX10.14.sdk' '-v' '-o' 'CMakeFiles/cmTC_94ec7.dir/CMakeCXXCompilerABI.cpp.o' '-c' '-mmacosx-version-min=10.14.0' '-asm_macosx_version_min=10.14' '-shared-libgcc' '-mtune=core2']
  ignore line: [ /usr/local/Cellar/gcc/8.2.0/libexec/gcc/x86_64-apple-darwin18.2.0/8.2.0/cc1plus -quiet -v -D__DYNAMIC__ -isysroot /Applications/Xcode.app/Contents/Developer/Platforms/MacOSX.platform/Developer/SDKs/MacOSX10.14.sdk /usr/local/Cellar/cmake/3.15.2/share/cmake/Modules/CMakeCXXCompilerABI.cpp -fPIC -quiet -dumpbase CMakeCXXCompilerABI.cpp -mmacosx-version-min=10.14.0 -mtune=core2 -auxbase-strip CMakeFiles/cmTC_94ec7.dir/CMakeCXXCompilerABI.cpp.o -version -o /var/folders/mt/0ych64mj7913b3_xwbjzjt2m0000gn/T//ccojs5GY.s]
  ignore line: [GNU C++14 (Homebrew GCC 8.2.0) version 8.2.0 (x86_64-apple-darwin18.2.0)]
  ignore line: [	compiled by GNU C version 8.2.0, GMP version 6.1.2, MPFR version 4.0.1, MPC version 1.1.0, isl version isl-0.20-GMP]
  ignore line: []
  ignore line: [GGC heuristics: --param ggc-min-expand=100 --param ggc-min-heapsize=131072]
  ignore line: [ignoring nonexistent directory "/Applications/Xcode.app/Contents/Developer/Platforms/MacOSX.platform/Developer/SDKs/MacOSX10.14.sdk/usr/local/include"]
  ignore line: [ignoring nonexistent directory "/usr/local/Cellar/gcc/8.2.0/lib/gcc/8/gcc/x86_64-apple-darwin18.2.0/8.2.0/../../../../../../x86_64-apple-darwin18.2.0/include"]
  ignore line: [ignoring nonexistent directory "/Applications/Xcode.app/Contents/Developer/Platforms/MacOSX.platform/Developer/SDKs/MacOSX10.14.sdk/Library/Frameworks"]
  ignore line: [#include "..." search starts here:]
  ignore line: [#include <...> search starts here:]
  ignore line: [ /usr/local/Cellar/gcc/8.2.0/lib/gcc/8/gcc/x86_64-apple-darwin18.2.0/8.2.0/../../../../../../include/c++/8.2.0]
  ignore line: [ /usr/local/Cellar/gcc/8.2.0/lib/gcc/8/gcc/x86_64-apple-darwin18.2.0/8.2.0/../../../../../../include/c++/8.2.0/x86_64-apple-darwin18.2.0]
  ignore line: [ /usr/local/Cellar/gcc/8.2.0/lib/gcc/8/gcc/x86_64-apple-darwin18.2.0/8.2.0/../../../../../../include/c++/8.2.0/backward]
  ignore line: [ /usr/local/Cellar/gcc/8.2.0/lib/gcc/8/gcc/x86_64-apple-darwin18.2.0/8.2.0/include]
  ignore line: [ /usr/local/Cellar/gcc/8.2.0/lib/gcc/8/gcc/x86_64-apple-darwin18.2.0/8.2.0/include-fixed]
  ignore line: [ /Applications/Xcode.app/Contents/Developer/Platforms/MacOSX.platform/Developer/SDKs/MacOSX10.14.sdk/usr/include]
  ignore line: [ /Applications/Xcode.app/Contents/Developer/Platforms/MacOSX.platform/Developer/SDKs/MacOSX10.14.sdk/System/Library/Frameworks]
  ignore line: [End of search list.]
  ignore line: [GNU C++14 (Homebrew GCC 8.2.0) version 8.2.0 (x86_64-apple-darwin18.2.0)]
  ignore line: [	compiled by GNU C version 8.2.0, GMP version 6.1.2, MPFR version 4.0.1, MPC version 1.1.0, isl version isl-0.20-GMP]
  ignore line: []
  ignore line: [GGC heuristics: --param ggc-min-expand=100 --param ggc-min-heapsize=131072]
  ignore line: [Compiler executable checksum: 1ec3672fa40765b4c56e81296e70b1b6]
  ignore line: [COLLECT_GCC_OPTIONS='-isysroot' '/Applications/Xcode.app/Contents/Developer/Platforms/MacOSX.platform/Developer/SDKs/MacOSX10.14.sdk' '-v' '-o' 'CMakeFiles/cmTC_94ec7.dir/CMakeCXXCompilerABI.cpp.o' '-c' '-mmacosx-version-min=10.14.0'  '-shared-libgcc' '-mtune=core2']
  ignore line: [ as -arch x86_64 -v -force_cpusubtype_ALL -mmacosx-version-min=10.14 -o CMakeFiles/cmTC_94ec7.dir/CMakeCXXCompilerABI.cpp.o /var/folders/mt/0ych64mj7913b3_xwbjzjt2m0000gn/T//ccojs5GY.s]
  ignore line: [Apple LLVM version 10.0.1 (clang-1001.0.46.4)]
  ignore line: [Target: x86_64-apple-darwin18.6.0]
  ignore line: [Thread model: posix]
  ignore line: [InstalledDir: /Applications/Xcode.app/Contents/Developer/Toolchains/XcodeDefault.xctoolchain/usr/bin]
  ignore line: [ "/Applications/Xcode.app/Contents/Developer/Toolchains/XcodeDefault.xctoolchain/usr/bin/clang" -cc1as -triple x86_64-apple-macosx10.14.0 -filetype obj -main-file-name ccojs5GY.s -target-cpu penryn -fdebug-compilation-dir /Users/mengbo/delta/superTAD/program/cmake-build-debug/CMakeFiles/CMakeTmp -dwarf-debug-producer Apple LLVM version 10.0.1 (clang-1001.0.46.4) -dwarf-version=4 -mrelocation-model pic -o CMakeFiles/cmTC_94ec7.dir/CMakeCXXCompilerABI.cpp.o /var/folders/mt/0ych64mj7913b3_xwbjzjt2m0000gn/T//ccojs5GY.s]
  ignore line: [COMPILER_PATH=/usr/local/Cellar/gcc/8.2.0/libexec/gcc/x86_64-apple-darwin18.2.0/8.2.0/:/usr/local/Cellar/gcc/8.2.0/libexec/gcc/x86_64-apple-darwin18.2.0/8.2.0/:/usr/local/Cellar/gcc/8.2.0/libexec/gcc/x86_64-apple-darwin18.2.0/:/usr/local/Cellar/gcc/8.2.0/lib/gcc/8/gcc/x86_64-apple-darwin18.2.0/8.2.0/:/usr/local/Cellar/gcc/8.2.0/lib/gcc/8/gcc/x86_64-apple-darwin18.2.0/]
  ignore line: [LIBRARY_PATH=/Applications/Xcode.app/Contents/Developer/Platforms/MacOSX.platform/Developer/SDKs/MacOSX10.14.sdk/usr/lib/:./:/usr/local/Cellar/gcc/8.2.0/lib/gcc/8/gcc/x86_64-apple-darwin18.2.0/8.2.0/:/usr/local/Cellar/gcc/8.2.0/lib/gcc/8/gcc/x86_64-apple-darwin18.2.0/8.2.0/../../../]
  ignore line: [COLLECT_GCC_OPTIONS='-isysroot' '/Applications/Xcode.app/Contents/Developer/Platforms/MacOSX.platform/Developer/SDKs/MacOSX10.14.sdk' '-v' '-o' 'CMakeFiles/cmTC_94ec7.dir/CMakeCXXCompilerABI.cpp.o' '-c' '-mmacosx-version-min=10.14.0'  '-shared-libgcc' '-mtune=core2']
  ignore line: [Linking CXX executable cmTC_94ec7]
  ignore line: [/usr/local/Cellar/cmake/3.15.2/bin/cmake -E cmake_link_script CMakeFiles/cmTC_94ec7.dir/link.txt --verbose=1]
  ignore line: [/usr/local/bin/g++    -isysroot /Applications/Xcode.app/Contents/Developer/Platforms/MacOSX.platform/Developer/SDKs/MacOSX10.14.sdk -Wl,-search_paths_first -Wl,-headerpad_max_install_names  -v -Wl,-v CMakeFiles/cmTC_94ec7.dir/CMakeCXXCompilerABI.cpp.o  -o cmTC_94ec7 ]
  ignore line: [Using built-in specs.]
  ignore line: [COLLECT_GCC=/usr/local/bin/g++]
  ignore line: [COLLECT_LTO_WRAPPER=/usr/local/Cellar/gcc/8.2.0/libexec/gcc/x86_64-apple-darwin18.2.0/8.2.0/lto-wrapper]
  ignore line: [Target: x86_64-apple-darwin18.2.0]
  ignore line: [Configured with: ../configure --build=x86_64-apple-darwin18.2.0 --prefix=/usr/local/Cellar/gcc/8.2.0 --libdir=/usr/local/Cellar/gcc/8.2.0/lib/gcc/8 --disable-nls --enable-checking=release --enable-languages=c,c++,objc,obj-c++,fortran --program-suffix=-8 --with-gmp=/usr/local/opt/gmp --with-mpfr=/usr/local/opt/mpfr --with-mpc=/usr/local/opt/libmpc --with-isl=/usr/local/opt/isl --with-system-zlib --with-pkgversion='Homebrew GCC 8.2.0' --with-bugurl=https://github.com/Homebrew/homebrew-core/issues --disable-multilib --with-native-system-header-dir=/usr/include --with-sysroot=/Applications/Xcode.app/Contents/Developer/Platforms/MacOSX.platform/Developer/SDKs/MacOSX10.14.sdk]
  ignore line: [Thread model: posix]
  ignore line: [gcc version 8.2.0 (Homebrew GCC 8.2.0) ]
  ignore line: [COMPILER_PATH=/usr/local/Cellar/gcc/8.2.0/libexec/gcc/x86_64-apple-darwin18.2.0/8.2.0/:/usr/local/Cellar/gcc/8.2.0/libexec/gcc/x86_64-apple-darwin18.2.0/8.2.0/:/usr/local/Cellar/gcc/8.2.0/libexec/gcc/x86_64-apple-darwin18.2.0/:/usr/local/Cellar/gcc/8.2.0/lib/gcc/8/gcc/x86_64-apple-darwin18.2.0/8.2.0/:/usr/local/Cellar/gcc/8.2.0/lib/gcc/8/gcc/x86_64-apple-darwin18.2.0/]
  ignore line: [LIBRARY_PATH=/Applications/Xcode.app/Contents/Developer/Platforms/MacOSX.platform/Developer/SDKs/MacOSX10.14.sdk/usr/lib/:./:/usr/local/Cellar/gcc/8.2.0/lib/gcc/8/gcc/x86_64-apple-darwin18.2.0/8.2.0/:/usr/local/Cellar/gcc/8.2.0/lib/gcc/8/gcc/x86_64-apple-darwin18.2.0/8.2.0/../../../]
  ignore line: [COLLECT_GCC_OPTIONS='-isysroot' '/Applications/Xcode.app/Contents/Developer/Platforms/MacOSX.platform/Developer/SDKs/MacOSX10.14.sdk' '-v' '-o' 'cmTC_94ec7' '-mmacosx-version-min=10.14.0' '-asm_macosx_version_min=10.14' '-shared-libgcc' '-mtune=core2']
  link line: [ /usr/local/Cellar/gcc/8.2.0/libexec/gcc/x86_64-apple-darwin18.2.0/8.2.0/collect2 -dynamic -arch x86_64 -macosx_version_min 10.14.0 -syslibroot /Applications/Xcode.app/Contents/Developer/Platforms/MacOSX.platform/Developer/SDKs/MacOSX10.14.sdk -weak_reference_mismatches non-weak -o cmTC_94ec7 -L/Applications/Xcode.app/Contents/Developer/Platforms/MacOSX.platform/Developer/SDKs/MacOSX10.14.sdk/usr/lib -L. -L/usr/local/Cellar/gcc/8.2.0/lib/gcc/8/gcc/x86_64-apple-darwin18.2.0/8.2.0 -L/usr/local/Cellar/gcc/8.2.0/lib/gcc/8/gcc/x86_64-apple-darwin18.2.0/8.2.0/../../.. -search_paths_first -headerpad_max_install_names -v CMakeFiles/cmTC_94ec7.dir/CMakeCXXCompilerABI.cpp.o -lstdc++ -no_compact_unwind -lSystem -lgcc_ext.10.5 -lgcc -lSystem -v]
    arg [/usr/local/Cellar/gcc/8.2.0/libexec/gcc/x86_64-apple-darwin18.2.0/8.2.0/collect2] ==> ignore
    arg [-dynamic] ==> ignore
    arg [-arch] ==> ignore
    arg [x86_64] ==> ignore
    arg [-macosx_version_min] ==> ignore
    arg [10.14.0] ==> ignore
    arg [-syslibroot] ==> ignore
    arg [/Applications/Xcode.app/Contents/Developer/Platforms/MacOSX.platform/Developer/SDKs/MacOSX10.14.sdk] ==> ignore
    arg [-weak_reference_mismatches] ==> ignore
    arg [non-weak] ==> ignore
    arg [-o] ==> ignore
    arg [cmTC_94ec7] ==> ignore
    arg [-L/Applications/Xcode.app/Contents/Developer/Platforms/MacOSX.platform/Developer/SDKs/MacOSX10.14.sdk/usr/lib] ==> dir [/Applications/Xcode.app/Contents/Developer/Platforms/MacOSX.platform/Developer/SDKs/MacOSX10.14.sdk/usr/lib]
    arg [-L.] ==> ignore
    arg [-L/usr/local/Cellar/gcc/8.2.0/lib/gcc/8/gcc/x86_64-apple-darwin18.2.0/8.2.0] ==> dir [/usr/local/Cellar/gcc/8.2.0/lib/gcc/8/gcc/x86_64-apple-darwin18.2.0/8.2.0]
    arg [-L/usr/local/Cellar/gcc/8.2.0/lib/gcc/8/gcc/x86_64-apple-darwin18.2.0/8.2.0/../../..] ==> dir [/usr/local/Cellar/gcc/8.2.0/lib/gcc/8/gcc/x86_64-apple-darwin18.2.0/8.2.0/../../..]
    arg [-search_paths_first] ==> ignore
    arg [-headerpad_max_install_names] ==> ignore
    arg [-v] ==> ignore
    arg [CMakeFiles/cmTC_94ec7.dir/CMakeCXXCompilerABI.cpp.o] ==> ignore
    arg [-lstdc++] ==> lib [stdc++]
    arg [-no_compact_unwind] ==> ignore
    arg [-lSystem] ==> lib [System]
    arg [-lgcc_ext.10.5] ==> lib [gcc_ext.10.5]
    arg [-lgcc] ==> lib [gcc]
    arg [-lSystem] ==> lib [System]
    arg [-v] ==> ignore
  Library search paths: [;/Applications/Xcode.app/Contents/Developer/Platforms/MacOSX.platform/Developer/SDKs/MacOSX10.14.sdk/usr/lib;.;/usr/local/Cellar/gcc/8.2.0/lib/gcc/8/gcc/x86_64-apple-darwin18.2.0/8.2.0;/usr/local/Cellar/gcc/8.2.0/lib/gcc/8;/Applications/Xcode.app/Contents/Developer/Platforms/MacOSX.platform/Developer/SDKs/MacOSX10.14.sdk/usr/lib]
  Framework search paths: [;/Applications/Xcode.app/Contents/Developer/Platforms/MacOSX.platform/Developer/SDKs/MacOSX10.14.sdk/System/Library/Frameworks/]
  remove lib [System]
  remove lib [System]
  collapse library dir [/Applications/Xcode.app/Contents/Developer/Platforms/MacOSX.platform/Developer/SDKs/MacOSX10.14.sdk/usr/lib] ==> [/Applications/Xcode.app/Contents/Developer/Platforms/MacOSX.platform/Developer/SDKs/MacOSX10.14.sdk/usr/lib]
  collapse library dir [/usr/local/Cellar/gcc/8.2.0/lib/gcc/8/gcc/x86_64-apple-darwin18.2.0/8.2.0] ==> [/usr/local/Cellar/gcc/8.2.0/lib/gcc/8/gcc/x86_64-apple-darwin18.2.0/8.2.0]
  collapse library dir [/usr/local/Cellar/gcc/8.2.0/lib/gcc/8/gcc/x86_64-apple-darwin18.2.0/8.2.0/../../..] ==> [/usr/local/Cellar/gcc/8.2.0/lib/gcc/8]
  collapse library dir [/Applications/Xcode.app/Contents/Developer/Platforms/MacOSX.platform/Developer/SDKs/MacOSX10.14.sdk/usr/lib] ==> [/Applications/Xcode.app/Contents/Developer/Platforms/MacOSX.platform/Developer/SDKs/MacOSX10.14.sdk/usr/lib]
  collapse library dir [.] ==> [/Users/mengbo/delta/superTAD/program]
  collapse library dir [/usr/local/Cellar/gcc/8.2.0/lib/gcc/8/gcc/x86_64-apple-darwin18.2.0/8.2.0] ==> [/usr/local/Cellar/gcc/8.2.0/lib/gcc/8/gcc/x86_64-apple-darwin18.2.0/8.2.0]
  collapse library dir [/usr/local/Cellar/gcc/8.2.0/lib/gcc/8] ==> [/usr/local/Cellar/gcc/8.2.0/lib/gcc/8]
  collapse library dir [/Applications/Xcode.app/Contents/Developer/Platforms/MacOSX.platform/Developer/SDKs/MacOSX10.14.sdk/usr/lib] ==> [/Applications/Xcode.app/Contents/Developer/Platforms/MacOSX.platform/Developer/SDKs/MacOSX10.14.sdk/usr/lib]
  collapse framework dir [/Applications/Xcode.app/Contents/Developer/Platforms/MacOSX.platform/Developer/SDKs/MacOSX10.14.sdk/System/Library/Frameworks/] ==> [/Applications/Xcode.app/Contents/Developer/Platforms/MacOSX.platform/Developer/SDKs/MacOSX10.14.sdk/System/Library/Frameworks]
  implicit libs: [stdc++;gcc_ext.10.5;gcc]
  implicit dirs: [/Applications/Xcode.app/Contents/Developer/Platforms/MacOSX.platform/Developer/SDKs/MacOSX10.14.sdk/usr/lib;/usr/local/Cellar/gcc/8.2.0/lib/gcc/8/gcc/x86_64-apple-darwin18.2.0/8.2.0;/usr/local/Cellar/gcc/8.2.0/lib/gcc/8;/Users/mengbo/delta/superTAD/program]
  implicit fwks: [/Applications/Xcode.app/Contents/Developer/Platforms/MacOSX.platform/Developer/SDKs/MacOSX10.14.sdk/System/Library/Frameworks]


